<?xml version="1.0" encoding="UTF-8"?>
<!-- Generated by org.testng.reporters.JUnitReportReporter -->
<testsuite skipped="0" hostname="DESKTOP-ALDGQLE" name="sample.Demo" tests="1" failures="0" timestamp="2023-04-12T10:42:49 IST" time="0.054" errors="0">
  <testcase name="demo" time="0.054" classname="sample.Demo"/>
  <system-out/>
</testsuite> <!-- sample.Demo -->
