<?xml version="1.0" encoding="UTF-8"?>
<!-- Generated by org.testng.reporters.JUnitReportReporter -->
<testsuite skipped="0" hostname="DESKTOP-ALDGQLE" name="sample.Demo" tests="2" failures="0" timestamp="2023-04-13T10:08:16 IST" time="0.023" errors="0">
  <testcase name="add" time="0.020" classname="sample.Demo"/>
  <system-out/>
  <testcase name="demo" time="0.003" classname="sample.Demo"/>
  <system-out/>
</testsuite> <!-- sample.Demo -->
